<?xml version="1.0" encoding="UTF-8"?>
<!-- Generated by org.testng.reporters.JUnitReportReporter -->
<testsuite hostname="CHNIDCCON170" name="MyRunner.TestRunnerTestNG" tests="1" failures="0" timestamp="15 Jun 2020 18:55:56 GMT" time="81.602" errors="0">
  <testcase name="feature" time="81.602" classname="MyRunner.TestRunnerTestNG"/>
</testsuite> <!-- MyRunner.TestRunnerTestNG -->
